0 info it worked if it ends with ok
1 verbose cli [ 'node', '/Users/rado/.node/bin/npm', 'run', 'watchify' ]
2 info using npm@2.7.4
3 info using node@v0.12.2
4 verbose node symlink /usr/local/bin/node
5 verbose stack Error: missing script: watchify
5 verbose stack     at run (/Users/rado/.node/lib/node_modules/npm/lib/run-script.js:165:19)
5 verbose stack     at /Users/rado/.node/lib/node_modules/npm/lib/run-script.js:81:5
5 verbose stack     at /Users/rado/.node/lib/node_modules/npm/node_modules/read-package-json/read-json.js:52:40
5 verbose stack     at /Users/rado/.node/lib/node_modules/npm/node_modules/read-package-json/read-json.js:376:33
5 verbose stack     at checkBinReferences_ (/Users/rado/.node/lib/node_modules/npm/node_modules/read-package-json/read-json.js:341:59)
5 verbose stack     at final (/Users/rado/.node/lib/node_modules/npm/node_modules/read-package-json/read-json.js:373:17)
5 verbose stack     at then (/Users/rado/.node/lib/node_modules/npm/node_modules/read-package-json/read-json.js:127:33)
5 verbose stack     at /Users/rado/.node/lib/node_modules/npm/node_modules/read-package-json/read-json.js:267:40
5 verbose stack     at evalmachine.<anonymous>:334:14
5 verbose stack     at /Users/rado/.node/lib/node_modules/npm/node_modules/graceful-fs/graceful-fs.js:102:5
6 verbose cwd /Users/rado/WebstormProjects/tsflux
7 error Darwin 14.3.0
8 error argv "node" "/Users/rado/.node/bin/npm" "run" "watchify"
9 error node v0.12.2
10 error npm  v2.7.4
11 error missing script: watchify
12 error If you need help, you may report this error at:
12 error     <https://github.com/npm/npm/issues>
13 verbose exit [ 1, true ]
